Copyright 1986-2017 Xilinx, Inc. All Rights Reserved.
-----------------------------------------------------------------------------------------
| Tool Version : Vivado v.2017.1 (win64) Build 1846317 Fri Apr 14 18:55:03 MDT 2017
| Date         : Sat Jun 10 16:48:29 2017
| Host         : DESKTOP-PEMQ38K running 64-bit major release  (build 9200)
| Command      : report_control_sets -verbose -file lab1_wrapper_control_sets_placed.rpt
| Design       : lab1_wrapper
| Device       : xc7z020
-----------------------------------------------------------------------------------------

Control Set Information

Table of Contents
-----------------
1. Summary
2. Flip-Flop Distribution
3. Detailed Control Set Information

1. Summary
----------

+----------------------------------------------------------+-------+
|                          Status                          | Count |
+----------------------------------------------------------+-------+
| Number of unique control sets                            |    45 |
| Unused register locations in slices containing registers |    79 |
+----------------------------------------------------------+-------+


2. Flip-Flop Distribution
-------------------------

+--------------+-----------------------+------------------------+-----------------+--------------+
| Clock Enable | Synchronous Set/Reset | Asynchronous Set/Reset | Total Registers | Total Slices |
+--------------+-----------------------+------------------------+-----------------+--------------+
| No           | No                    | No                     |             101 |           29 |
| No           | No                    | Yes                    |               0 |            0 |
| No           | Yes                   | No                     |              78 |           22 |
| Yes          | No                    | No                     |             272 |           55 |
| Yes          | No                    | Yes                    |               0 |            0 |
| Yes          | Yes                   | No                     |             182 |           31 |
+--------------+-----------------------+------------------------+-----------------+--------------+


3. Detailed Control Set Information
-----------------------------------

+---------------------------------------------+-----------------------------------------------------------------------------------------------------------------------------------------------------------+--------------------------------------------------------------------------------------------------------------------------------------+------------------+----------------+
|                 Clock Signal                |                                                                       Enable Signal                                                                       |                                                           Set/Reset Signal                                                           | Slice Load Count | Bel Load Count |
+---------------------------------------------+-----------------------------------------------------------------------------------------------------------------------------------------------------------+--------------------------------------------------------------------------------------------------------------------------------------+------------------+----------------+
|  lab1_i/processing_system7_0/inst/FCLK_CLK0 | lab1_i/ps7_0_axi_periph/s00_couplers/auto_pc/inst/gen_axilite.gen_b2s_conv.axilite_b2s/WR.b_channel_0/bid_fifo_0/bresp_push                               |                                                                                                                                      |                1 |              2 |
|  lab1_i/processing_system7_0/inst/FCLK_CLK0 | lab1_i/ps7_0_axi_periph/s00_couplers/auto_pc/inst/gen_axilite.gen_b2s_conv.axilite_b2s/RD.ar_channel_0/ar_cmd_fsm_0/E[0]                                  |                                                                                                                                      |                2 |              4 |
|  lab1_i/processing_system7_0/inst/FCLK_CLK0 |                                                                                                                                                           | lab1_i/rst_ps7_0_100M/U0/EXT_LPF/lpf_int                                                                                             |                1 |              4 |
|  lab1_i/processing_system7_0/inst/FCLK_CLK0 | lab1_i/ps7_0_axi_periph/s00_couplers/auto_pc/inst/gen_axilite.gen_b2s_conv.axilite_b2s/RD.ar_channel_0/ar_cmd_fsm_0/axlen_cnt_reg[4][0]                   | lab1_i/ps7_0_axi_periph/s00_couplers/auto_pc/inst/gen_axilite.gen_b2s_conv.axilite_b2s/RD.ar_channel_0/ar_cmd_fsm_0/axlen_cnt_reg[7] |                1 |              4 |
|  lab1_i/processing_system7_0/inst/FCLK_CLK0 |                                                                                                                                                           | lab1_i/ps7_0_axi_periph/s00_couplers/auto_pc/inst/gen_axilite.gen_b2s_conv.axilite_b2s/SI_REG/aw_pipe/s_ready_i_reg_0                |                3 |              4 |
|  lab1_i/processing_system7_0/inst/FCLK_CLK0 |                                                                                                                                                           | lab1_i/ps7_0_axi_periph/s00_couplers/auto_pc/inst/gen_axilite.gen_b2s_conv.axilite_b2s/SI_REG/ar_pipe/m_valid_i_reg_0                |                2 |              4 |
|  lab1_i/processing_system7_0/inst/FCLK_CLK0 | lab1_i/ps7_0_axi_periph/s00_couplers/auto_pc/inst/gen_axilite.gen_b2s_conv.axilite_b2s/WR.aw_channel_0/cmd_translator_0/incr_cmd_0/axaddr_incr[0]_i_1_n_0 |                                                                                                                                      |                1 |              4 |
|  lab1_i/processing_system7_0/inst/FCLK_CLK0 | lab1_i/ps7_0_axi_periph/s00_couplers/auto_pc/inst/gen_axilite.gen_b2s_conv.axilite_b2s/RD.ar_channel_0/ar_cmd_fsm_0/axaddr_incr_reg[11]                   |                                                                                                                                      |                1 |              4 |
|  lab1_i/processing_system7_0/inst/FCLK_CLK0 | lab1_i/ps7_0_axi_periph/s00_couplers/auto_pc/inst/gen_axilite.gen_b2s_conv.axilite_b2s/WR.aw_channel_0/aw_cmd_fsm_0/axaddr_wrap_reg[0]                    | lab1_i/ps7_0_axi_periph/s00_couplers/auto_pc/inst/gen_axilite.gen_b2s_conv.axilite_b2s/WR.aw_channel_0/aw_cmd_fsm_0/axlen_cnt_reg[7] |                1 |              4 |
|  lab1_i/processing_system7_0/inst/FCLK_CLK0 | lab1_i/ps7_0_axi_periph/s00_couplers/auto_pc/inst/gen_axilite.gen_b2s_conv.axilite_b2s/WR.aw_channel_0/aw_cmd_fsm_0/E[0]                                  |                                                                                                                                      |                1 |              4 |
|  lab1_i/processing_system7_0/inst/FCLK_CLK0 | lab1_i/rst_ps7_0_100M/U0/SEQ/seq_cnt_en                                                                                                                   | lab1_i/rst_ps7_0_100M/U0/SEQ/SEQ_COUNTER/clear                                                                                       |                1 |              6 |
|  lab1_i/processing_system7_0/inst/FCLK_CLK0 | lab1_i/salve_0/inst/salve_v1_0_S00_AXI_inst/slv_reg0[7]_i_1_n_0                                                                                           | lab1_i/salve_0/inst/salve_v1_0_S00_AXI_inst/axi_awready_i_1_n_0                                                                      |                1 |              8 |
|  lab1_i/processing_system7_0/inst/FCLK_CLK0 | lab1_i/salve_0/inst/salve_v1_0_S00_AXI_inst/slv_reg1[15]_i_1_n_0                                                                                          | lab1_i/salve_0/inst/salve_v1_0_S00_AXI_inst/axi_awready_i_1_n_0                                                                      |                1 |              8 |
|  lab1_i/processing_system7_0/inst/FCLK_CLK0 | lab1_i/salve_0/inst/salve_v1_0_S00_AXI_inst/slv_reg1[23]_i_1_n_0                                                                                          | lab1_i/salve_0/inst/salve_v1_0_S00_AXI_inst/axi_awready_i_1_n_0                                                                      |                1 |              8 |
|  lab1_i/processing_system7_0/inst/FCLK_CLK0 | lab1_i/salve_0/inst/salve_v1_0_S00_AXI_inst/slv_reg1[31]_i_1_n_0                                                                                          | lab1_i/salve_0/inst/salve_v1_0_S00_AXI_inst/axi_awready_i_1_n_0                                                                      |                1 |              8 |
|  lab1_i/processing_system7_0/inst/FCLK_CLK0 | lab1_i/salve_0/inst/salve_v1_0_S00_AXI_inst/slv_reg1[7]_i_1_n_0                                                                                           | lab1_i/salve_0/inst/salve_v1_0_S00_AXI_inst/axi_awready_i_1_n_0                                                                      |                1 |              8 |
|  lab1_i/processing_system7_0/inst/FCLK_CLK0 | lab1_i/salve_0/inst/salve_v1_0_S00_AXI_inst/slv_reg2[15]_i_1_n_0                                                                                          | lab1_i/salve_0/inst/salve_v1_0_S00_AXI_inst/axi_awready_i_1_n_0                                                                      |                1 |              8 |
|  lab1_i/processing_system7_0/inst/FCLK_CLK0 | lab1_i/salve_0/inst/salve_v1_0_S00_AXI_inst/slv_reg2[23]_i_1_n_0                                                                                          | lab1_i/salve_0/inst/salve_v1_0_S00_AXI_inst/axi_awready_i_1_n_0                                                                      |                1 |              8 |
|  lab1_i/processing_system7_0/inst/FCLK_CLK0 | lab1_i/salve_0/inst/salve_v1_0_S00_AXI_inst/slv_reg2[31]_i_1_n_0                                                                                          | lab1_i/salve_0/inst/salve_v1_0_S00_AXI_inst/axi_awready_i_1_n_0                                                                      |                1 |              8 |
|  lab1_i/processing_system7_0/inst/FCLK_CLK0 | lab1_i/salve_0/inst/salve_v1_0_S00_AXI_inst/slv_reg2[7]_i_1_n_0                                                                                           | lab1_i/salve_0/inst/salve_v1_0_S00_AXI_inst/axi_awready_i_1_n_0                                                                      |                1 |              8 |
|  lab1_i/processing_system7_0/inst/FCLK_CLK0 | lab1_i/salve_0/inst/salve_v1_0_S00_AXI_inst/slv_reg3[15]_i_1_n_0                                                                                          | lab1_i/salve_0/inst/salve_v1_0_S00_AXI_inst/axi_awready_i_1_n_0                                                                      |                1 |              8 |
|  lab1_i/processing_system7_0/inst/FCLK_CLK0 | lab1_i/salve_0/inst/salve_v1_0_S00_AXI_inst/slv_reg3[23]_i_1_n_0                                                                                          | lab1_i/salve_0/inst/salve_v1_0_S00_AXI_inst/axi_awready_i_1_n_0                                                                      |                1 |              8 |
|  lab1_i/processing_system7_0/inst/FCLK_CLK0 | lab1_i/salve_0/inst/salve_v1_0_S00_AXI_inst/slv_reg3[31]_i_1_n_0                                                                                          | lab1_i/salve_0/inst/salve_v1_0_S00_AXI_inst/axi_awready_i_1_n_0                                                                      |                1 |              8 |
|  lab1_i/processing_system7_0/inst/FCLK_CLK0 | lab1_i/salve_0/inst/salve_v1_0_S00_AXI_inst/slv_reg0[31]_i_1_n_0                                                                                          | lab1_i/salve_0/inst/salve_v1_0_S00_AXI_inst/axi_awready_i_1_n_0                                                                      |                1 |              8 |
|  lab1_i/processing_system7_0/inst/FCLK_CLK0 | lab1_i/salve_0/inst/salve_v1_0_S00_AXI_inst/slv_reg3[7]_i_1_n_0                                                                                           | lab1_i/salve_0/inst/salve_v1_0_S00_AXI_inst/axi_awready_i_1_n_0                                                                      |                1 |              8 |
|  lab1_i/processing_system7_0/inst/FCLK_CLK0 | lab1_i/ps7_0_axi_periph/s00_couplers/auto_pc/inst/gen_axilite.gen_b2s_conv.axilite_b2s/WR.b_channel_0/mhandshake_r                                        | lab1_i/ps7_0_axi_periph/s00_couplers/auto_pc/inst/gen_axilite.gen_b2s_conv.axilite_b2s/WR.b_channel_0/bid_fifo_0/SR[0]               |                2 |              8 |
|  lab1_i/processing_system7_0/inst/FCLK_CLK0 | lab1_i/salve_0/inst/salve_v1_0_S00_AXI_inst/slv_reg0[15]_i_1_n_0                                                                                          | lab1_i/salve_0/inst/salve_v1_0_S00_AXI_inst/axi_awready_i_1_n_0                                                                      |                1 |              8 |
|  lab1_i/processing_system7_0/inst/FCLK_CLK0 | lab1_i/salve_0/inst/salve_v1_0_S00_AXI_inst/slv_reg0[23]_i_1_n_0                                                                                          | lab1_i/salve_0/inst/salve_v1_0_S00_AXI_inst/axi_awready_i_1_n_0                                                                      |                1 |              8 |
|  lab1_i/processing_system7_0/inst/FCLK_CLK0 |                                                                                                                                                           | lab1_i/salve_0/inst/salve_v1_0_S00_AXI_inst/axi_awready_i_1_n_0                                                                      |                4 |             10 |
|  lab1_i/processing_system7_0/inst/FCLK_CLK0 | lab1_i/ps7_0_axi_periph/s00_couplers/auto_pc/inst/gen_axilite.gen_b2s_conv.axilite_b2s/RD.r_channel_0/r_push_r                                            |                                                                                                                                      |                4 |             13 |
|  lab1_i/processing_system7_0/inst/FCLK_CLK0 | lab1_i/ps7_0_axi_periph/s00_couplers/auto_pc/inst/gen_axilite.gen_b2s_conv.axilite_b2s/RD.ar_channel_0/ar_cmd_fsm_0/axlen_cnt_reg[4][0]                   |                                                                                                                                      |                6 |             13 |
|  lab1_i/processing_system7_0/inst/FCLK_CLK0 | lab1_i/ps7_0_axi_periph/s00_couplers/auto_pc/inst/gen_axilite.gen_b2s_conv.axilite_b2s/WR.aw_channel_0/aw_cmd_fsm_0/axaddr_wrap_reg[0]                    |                                                                                                                                      |                4 |             13 |
|  lab1_i/processing_system7_0/inst/FCLK_CLK0 | lab1_i/ps7_0_axi_periph/s00_couplers/auto_pc/inst/gen_axilite.gen_b2s_conv.axilite_b2s/SI_REG/b_pipe/p_1_in                                               |                                                                                                                                      |                2 |             14 |
|  lab1_i/processing_system7_0/inst/FCLK_CLK0 | lab1_i/ps7_0_axi_periph/s00_couplers/auto_pc/inst/gen_axilite.gen_b2s_conv.axilite_b2s/SI_REG/b_pipe/skid_buffer_reg[0]_0                                 |                                                                                                                                      |                2 |             14 |
|  lab1_i/processing_system7_0/inst/FCLK_CLK0 | lab1_i/ps7_0_axi_periph/s00_couplers/auto_pc/inst/gen_axilite.gen_b2s_conv.axilite_b2s/WR.aw_channel_0/aw_cmd_fsm_0/b_push                                |                                                                                                                                      |                3 |             16 |
|  lab1_i/processing_system7_0/inst/FCLK_CLK0 | lab1_i/ps7_0_axi_periph/s00_couplers/auto_pc/inst/gen_axilite.gen_b2s_conv.axilite_b2s/RD.ar_channel_0/ar_cmd_fsm_0/m_payload_i_reg[0]_1[0]               |                                                                                                                                      |                5 |             27 |
|  lab1_i/processing_system7_0/inst/FCLK_CLK0 | lab1_i/ps7_0_axi_periph/s00_couplers/auto_pc/inst/gen_axilite.gen_b2s_conv.axilite_b2s/SI_REG/ar_pipe/s_axi_arready                                       |                                                                                                                                      |                6 |             27 |
|  lab1_i/processing_system7_0/inst/FCLK_CLK0 | lab1_i/ps7_0_axi_periph/s00_couplers/auto_pc/inst/gen_axilite.gen_b2s_conv.axilite_b2s/SI_REG/aw_pipe/s_axi_awready                                       |                                                                                                                                      |                5 |             27 |
|  lab1_i/processing_system7_0/inst/FCLK_CLK0 | lab1_i/ps7_0_axi_periph/s00_couplers/auto_pc/inst/gen_axilite.gen_b2s_conv.axilite_b2s/WR.aw_channel_0/aw_cmd_fsm_0/m_payload_i_reg[0][0]                 |                                                                                                                                      |                5 |             27 |
|  lab1_i/processing_system7_0/inst/FCLK_CLK0 | lab1_i/salve_0/inst/salve_v1_0_S00_AXI_inst/slv_reg_rden__0                                                                                               | lab1_i/salve_0/inst/salve_v1_0_S00_AXI_inst/axi_awready_i_1_n_0                                                                      |               10 |             32 |
|  lab1_i/processing_system7_0/inst/FCLK_CLK0 | lab1_i/ps7_0_axi_periph/s00_couplers/auto_pc/inst/gen_axilite.gen_b2s_conv.axilite_b2s/RD.r_channel_0/rd_data_fifo_0/wr_en0                               |                                                                                                                                      |                9 |             34 |
|  lab1_i/processing_system7_0/inst/FCLK_CLK0 | lab1_i/ps7_0_axi_periph/s00_couplers/auto_pc/inst/gen_axilite.gen_b2s_conv.axilite_b2s/SI_REG/r_pipe/p_1_in                                               |                                                                                                                                      |                7 |             47 |
|  lab1_i/processing_system7_0/inst/FCLK_CLK0 | lab1_i/ps7_0_axi_periph/s00_couplers/auto_pc/inst/gen_axilite.gen_b2s_conv.axilite_b2s/SI_REG/r_pipe/skid_buffer_reg[0]_0                                 |                                                                                                                                      |                8 |             47 |
|  lab1_i/processing_system7_0/inst/FCLK_CLK0 |                                                                                                                                                           | lab1_i/ps7_0_axi_periph/s00_couplers/auto_pc/inst/gen_axilite.gen_b2s_conv.axilite_b2s/areset_d1                                     |               12 |             56 |
|  lab1_i/processing_system7_0/inst/FCLK_CLK0 |                                                                                                                                                           |                                                                                                                                      |               30 |            102 |
+---------------------------------------------+-----------------------------------------------------------------------------------------------------------------------------------------------------------+--------------------------------------------------------------------------------------------------------------------------------------+------------------+----------------+


+--------+-----------------------+
| Fanout | Number of ControlSets |
+--------+-----------------------+
| 2      |                     1 |
| 4      |                     9 |
| 6      |                     1 |
| 8      |                    17 |
| 10     |                     1 |
| 13     |                     3 |
| 14     |                     2 |
| 16+    |                    11 |
+--------+-----------------------+


